<?xml version="1.0" encoding="UTF-8"?>
<!-- Generated by org.testng.reporters.JUnitXMLReporter -->
<testsuite ignored="0" hostname="Mukeshs-MacBook-Air.local" failures="0" tests="4" name="Default test" time="15.639" errors="0" timestamp="2025-04-08T07:57:14 IST">
  <testcase classname="testcases.LoginApplication" name="loginWithValidCredentials" time="5.502"/>
  <testcase classname="testcases.LoginApplication" name="logoutFromApplication" time="1.647"/>
  <testcase classname="testcases.LoginApplication" name="verifyFooterLinks" time="0.029"/>
  <testcase classname="testcases.LoginApplication" name="verifyNewUserLinks" time="0.297"/>
</testsuite> <!-- Default test -->
