<?xml version="1.0" encoding="UTF-8"?>
<testng-results ignored="0" total="2" passed="2" failed="0" skipped="0">
  <reporter-output>
  </reporter-output>
  <suite started-at="2025-04-25T08:05:04 IST" name="Suite" finished-at="2025-04-25T08:05:17 IST" duration-ms="12524">
    <groups>
    </groups>
    <test started-at="2025-04-25T08:05:04 IST" name="Test" finished-at="2025-04-25T08:05:17 IST" duration-ms="12524">
      <class name="testcases.RegisterUser">
        <test-method is-config="true" signature="setup()[pri:0, instance:testcases.RegisterUser@736d6a5c]" started-at="2025-04-25T08:05:04 IST" name="setup" finished-at="2025-04-25T08:05:08 IST" duration-ms="4371" status="PASS">
          <reporter-output>
          </reporter-output>
        </test-method> <!-- setup -->
        <test-method signature="registerNewUser(java.lang.String,java.lang.String,java.lang.String,java.lang.String,java.lang.String,java.lang.String,java.lang.String)[pri:0, instance:testcases.RegisterUser@736d6a5c]" started-at="2025-04-25T08:05:10 IST" name="registerNewUser" data-provider="newUserDetails" finished-at="2025-04-25T08:05:13 IST" duration-ms="3493" status="PASS">
          <params>
            <param index="0">
              <value>
                <![CDATA[Ritika]]>
              </value>
            </param>
            <param index="1">
              <value>
                <![CDATA[Ritika@gmail.com]]>
              </value>
            </param>
            <param index="2">
              <value>
                <![CDATA[Learnify]]>
              </value>
            </param>
            <param index="3">
              <value>
                <![CDATA[Selenium WebDriver]]>
              </value>
            </param>
            <param index="4">
              <value>
                <![CDATA[Female]]>
              </value>
            </param>
            <param index="5">
              <value>
                <![CDATA[Karnataka]]>
              </value>
            </param>
            <param index="6">
              <value>
                <![CDATA[Reading]]>
              </value>
            </param>
          </params>
          <reporter-output>
          </reporter-output>
        </test-method> <!-- registerNewUser -->
        <test-method signature="registerNewUser(java.lang.String,java.lang.String,java.lang.String,java.lang.String,java.lang.String,java.lang.String,java.lang.String)[pri:0, instance:testcases.RegisterUser@736d6a5c]" started-at="2025-04-25T08:05:13 IST" name="registerNewUser" data-provider="newUserDetails" finished-at="2025-04-25T08:05:16 IST" duration-ms="2522" status="PASS">
          <params>
            <param index="0">
              <value>
                <![CDATA[Usman]]>
              </value>
            </param>
            <param index="1">
              <value>
                <![CDATA[Usman@gmail.com]]>
              </value>
            </param>
            <param index="2">
              <value>
                <![CDATA[Leantify1]]>
              </value>
            </param>
            <param index="3">
              <value>
                <![CDATA[Java]]>
              </value>
            </param>
            <param index="4">
              <value>
                <![CDATA[Male]]>
              </value>
            </param>
            <param index="5">
              <value>
                <![CDATA[Goa]]>
              </value>
            </param>
            <param index="6">
              <value>
                <![CDATA[Singing]]>
              </value>
            </param>
          </params>
          <reporter-output>
          </reporter-output>
        </test-method> <!-- registerNewUser -->
        <test-method is-config="true" signature="tearDown()[pri:0, instance:testcases.RegisterUser@736d6a5c]" started-at="2025-04-25T08:05:16 IST" name="tearDown" finished-at="2025-04-25T08:05:17 IST" duration-ms="646" status="PASS">
          <reporter-output>
          </reporter-output>
        </test-method> <!-- tearDown -->
      </class> <!-- testcases.RegisterUser -->
    </test> <!-- Test -->
  </suite> <!-- Suite -->
</testng-results>
